Machine: DONALD
Date: 31/10/2021 Time: 10:57:45
Alternative Dense Layer: True
Pooling Application Layer: max
Data Augmentation: False
Model: EfficientNetB2
N Repeats: 5
Batch Size: 16
Multi Optimizer: True

Repetition: 1 of 5
Acc: 0.9625 Mean: 0.9625 (+/- 0.0000)
TPR: 0.9300 Mean: 0.9300 (+/- 0.0000)
PPV: 0.9947 Mean: 0.9947 (+/- 0.0000)
F1:  0.9612 Mean: 0.9612 (+/- 0.0000)

Repetition: 2 of 5
Acc: 0.9650 Mean: 0.9637 (+/- 0.0012)
TPR: 0.9300 Mean: 0.9300 (+/- 0.0000)
PPV: 1.0000 Mean: 0.9973 (+/- 0.0027)
F1:  0.9637 Mean: 0.9625 (+/- 0.0012)

Repetition: 3 of 5
Acc: 0.9700 Mean: 0.9658 (+/- 0.0031)
TPR: 0.9450 Mean: 0.9350 (+/- 0.0071)
PPV: 0.9947 Mean: 0.9965 (+/- 0.0025)
F1:  0.9692 Mean: 0.9647 (+/- 0.0033)

Repetition: 4 of 5
Acc: 0.9900 Mean: 0.9719 (+/- 0.0108)
TPR: 0.9850 Mean: 0.9475 (+/- 0.0225)
PPV: 0.9949 Mean: 0.9961 (+/- 0.0023)
F1:  0.9899 Mean: 0.9710 (+/- 0.0113)

Repetition: 5 of 5
Acc: 0.9775 Mean: 0.9730 (+/- 0.0099)
TPR: 0.9600 Mean: 0.9500 (+/- 0.0207)
PPV: 0.9948 Mean: 0.9958 (+/- 0.0021)
F1:  0.9771 Mean: 0.9723 (+/- 0.0104)

Elapsed Time: 26147.2025
