Machine: DONALD
Date: 27/10/2021 Time: 09:41:06
Alternative Dense Layer: True
Pooling Application Layer: avg
Data Augmentation: False
Model: EfficientNetB2
N Repeats: 5
Batch Size: 16

Repetition: 1 of 5
Acc: 0.9750 Mean: 0.9750 (+/- 0.0000)
TPR: 0.9650 Mean: 0.9650 (+/- 0.0000)
PPV: 0.9847 Mean: 0.9847 (+/- 0.0000)
F1:  0.9747 Mean: 0.9747 (+/- 0.0000)

Repetition: 2 of 5
Acc: 0.9625 Mean: 0.9688 (+/- 0.0062)
TPR: 0.9300 Mean: 0.9475 (+/- 0.0175)
PPV: 0.9947 Mean: 0.9897 (+/- 0.0050)
F1:  0.9612 Mean: 0.9680 (+/- 0.0068)

Repetition: 3 of 5
Acc: 0.9725 Mean: 0.9700 (+/- 0.0054)
TPR: 0.9500 Mean: 0.9483 (+/- 0.0143)
PPV: 0.9948 Mean: 0.9914 (+/- 0.0047)
F1:  0.9719 Mean: 0.9693 (+/- 0.0058)

Repetition: 4 of 5
Acc: 0.9750 Mean: 0.9713 (+/- 0.0052)
TPR: 0.9550 Mean: 0.9500 (+/- 0.0127)
PPV: 0.9948 Mean: 0.9922 (+/- 0.0043)
F1:  0.9745 Mean: 0.9706 (+/- 0.0055)

Repetition: 5 of 5
Acc: 0.9650 Mean: 0.9700 (+/- 0.0052)
TPR: 0.9350 Mean: 0.9470 (+/- 0.0129)
PPV: 0.9947 Mean: 0.9927 (+/- 0.0040)
F1:  0.9639 Mean: 0.9693 (+/- 0.0056)

Elapsed Time: 32232.6748
