Machine: PRECISION
Date: 27/10/2021 Time: 08:41:24
Alternative Dense Layer: True
Pooling Application Layer: avg
Data Augmentation: False
Model: EfficientNetB2
N Repeats: 5
Batch Size: 16

Repetition: 1 of 5
Acc: 0.9800 Mean: 0.9800 (+/- 0.0000)
TPR: 0.9650 Mean: 0.9650 (+/- 0.0000)
PPV: 0.9948 Mean: 0.9948 (+/- 0.0000)
F1:  0.9797 Mean: 0.9797 (+/- 0.0000)

Repetition: 2 of 5
Acc: 0.9700 Mean: 0.9750 (+/- 0.0050)
TPR: 0.9550 Mean: 0.9600 (+/- 0.0050)
PPV: 0.9845 Mean: 0.9897 (+/- 0.0052)
F1:  0.9695 Mean: 0.9746 (+/- 0.0051)

Repetition: 3 of 5
Acc: 0.9725 Mean: 0.9742 (+/- 0.0042)
TPR: 0.9550 Mean: 0.9583 (+/- 0.0047)
PPV: 0.9896 Mean: 0.9897 (+/- 0.0042)
F1:  0.9720 Mean: 0.9737 (+/- 0.0043)

Repetition: 4 of 5
Acc: 0.9800 Mean: 0.9756 (+/- 0.0045)
TPR: 0.9750 Mean: 0.9625 (+/- 0.0083)
PPV: 0.9848 Mean: 0.9885 (+/- 0.0042)
F1:  0.9799 Mean: 0.9753 (+/- 0.0046)

Repetition: 5 of 5
Acc: 0.9875 Mean: 0.9780 (+/- 0.0062)
TPR: 0.9800 Mean: 0.9660 (+/- 0.0102)
PPV: 0.9949 Mean: 0.9898 (+/- 0.0046)
F1:  0.9874 Mean: 0.9777 (+/- 0.0064)

Elapsed Time: 71612.2409
