Machine: DONALD
Date: 30/10/2021 Time: 09:23:29
Alternative Dense Layer: True
Pooling Application Layer: avg
Data Augmentation: False
Data Augmentation Multiplier: 1
Model: EfficientNetB2
N Repeats: 5
Batch Size: 16
Multi Optimizer: True

Repetition: 1 of 5
Acc: 0.9725 Mean: 0.9725 (+/- 0.0000)
TPR: 0.9600 Mean: 0.9600 (+/- 0.0000)
PPV: 0.9846 Mean: 0.9846 (+/- 0.0000)
F1:  0.9722 Mean: 0.9722 (+/- 0.0000)

Repetition: 2 of 5
Acc: 0.9825 Mean: 0.9775 (+/- 0.0050)
TPR: 0.9650 Mean: 0.9625 (+/- 0.0025)
PPV: 1.0000 Mean: 0.9923 (+/- 0.0077)
F1:  0.9822 Mean: 0.9772 (+/- 0.0050)

Repetition: 3 of 5
Acc: 0.9675 Mean: 0.9742 (+/- 0.0062)
TPR: 0.9350 Mean: 0.9533 (+/- 0.0131)
PPV: 1.0000 Mean: 0.9949 (+/- 0.0073)
F1:  0.9664 Mean: 0.9736 (+/- 0.0065)

Repetition: 4 of 5
Acc: 0.9800 Mean: 0.9756 (+/- 0.0060)
TPR: 0.9650 Mean: 0.9562 (+/- 0.0124)
PPV: 0.9948 Mean: 0.9949 (+/- 0.0063)
F1:  0.9797 Mean: 0.9751 (+/- 0.0062)

Repetition: 5 of 5
Acc: 0.9750 Mean: 0.9755 (+/- 0.0053)
TPR: 0.9550 Mean: 0.9560 (+/- 0.0111)
PPV: 0.9948 Mean: 0.9949 (+/- 0.0056)
F1:  0.9745 Mean: 0.9750 (+/- 0.0056)

Elapsed Time: 30433.2456
