Machine: DONALD
Date: 28/10/2021 Time: 21:23:08
Alternative Dense Layer: True
Pooling Application Layer: avg
Data Augmentation: False
Data Augmentation Multiplier: 1
Optimizer: adam
Model: EfficientNetB2
N Repeats: 5
Batch Size: 16

Repetition: 1 of 5
Acc: 0.9675 Mean: 0.9675 (+/- 0.0000)
TPR: 0.9350 Mean: 0.9350 (+/- 0.0000)
PPV: 1.0000 Mean: 1.0000 (+/- 0.0000)
F1:  0.9664 Mean: 0.9664 (+/- 0.0000)

Repetition: 2 of 5
Acc: 0.9775 Mean: 0.9725 (+/- 0.0050)
TPR: 0.9550 Mean: 0.9450 (+/- 0.0100)
PPV: 1.0000 Mean: 1.0000 (+/- 0.0000)
F1:  0.9770 Mean: 0.9717 (+/- 0.0053)

Repetition: 3 of 5
Acc: 0.9600 Mean: 0.9683 (+/- 0.0072)
TPR: 0.9200 Mean: 0.9367 (+/- 0.0143)
PPV: 1.0000 Mean: 1.0000 (+/- 0.0000)
F1:  0.9583 Mean: 0.9672 (+/- 0.0076)

Repetition: 4 of 5
Acc: 0.9750 Mean: 0.9700 (+/- 0.0068)
TPR: 0.9500 Mean: 0.9400 (+/- 0.0137)
PPV: 1.0000 Mean: 1.0000 (+/- 0.0000)
F1:  0.9744 Mean: 0.9690 (+/- 0.0073)

Repetition: 5 of 5
Acc: 0.9550 Mean: 0.9670 (+/- 0.0086)
TPR: 0.9100 Mean: 0.9340 (+/- 0.0171)
PPV: 1.0000 Mean: 1.0000 (+/- 0.0000)
F1:  0.9529 Mean: 0.9658 (+/- 0.0092)

Elapsed Time: 33326.6336
