Machine: DONALD
Date: 01/11/2021 Time: 00:57:36
Alternative Dense Layer: True
Pooling Application Layer: avg
Data Augmentation: False
Model: EfficientNetB3
N Repeats: 5
Batch Size: 16
Multi Optimizer: True

Repetition: 1 of 5
Acc: 0.9800 Mean: 0.9800 (+/- 0.0000)
TPR: 0.9600 Mean: 0.9600 (+/- 0.0000)
PPV: 1.0000 Mean: 1.0000 (+/- 0.0000)
F1:  0.9796 Mean: 0.9796 (+/- 0.0000)

Repetition: 2 of 5
Acc: 0.9775 Mean: 0.9788 (+/- 0.0012)
TPR: 0.9650 Mean: 0.9625 (+/- 0.0025)
PPV: 0.9897 Mean: 0.9949 (+/- 0.0051)
F1:  0.9772 Mean: 0.9784 (+/- 0.0012)

Repetition: 3 of 5
Acc: 0.9375 Mean: 0.9650 (+/- 0.0195)
TPR: 0.8800 Mean: 0.9350 (+/- 0.0389)
PPV: 0.9944 Mean: 0.9947 (+/- 0.0042)
F1:  0.9337 Mean: 0.9635 (+/- 0.0211)

Repetition: 4 of 5
Acc: 0.9775 Mean: 0.9681 (+/- 0.0177)
TPR: 0.9600 Mean: 0.9412 (+/- 0.0354)
PPV: 0.9948 Mean: 0.9947 (+/- 0.0036)
F1:  0.9771 Mean: 0.9669 (+/- 0.0192)

Repetition: 5 of 5
Acc: 0.9775 Mean: 0.9700 (+/- 0.0163)
TPR: 0.9700 Mean: 0.9470 (+/- 0.0337)
PPV: 0.9848 Mean: 0.9927 (+/- 0.0051)
F1:  0.9773 Mean: 0.9690 (+/- 0.0177)

Elapsed Time: 55199.2827
