Machine: DONALD
Date: 03/11/2021 Time: 06:49:36
Alternative Dense Layer: True
Pooling Application Layer: avg
Data Augmentation: False
Model: ResNet152V2
N Repeats: 5
Batch Size: 16
Multi Optimizer: True

Repetition: 1 of 5
Acc: 0.9700 Mean: 0.9700 (+/- 0.0000)
TPR: 0.9400 Mean: 0.9400 (+/- 0.0000)
PPV: 1.0000 Mean: 1.0000 (+/- 0.0000)
F1:  0.9691 Mean: 0.9691 (+/- 0.0000)

Repetition: 2 of 5
Acc: 0.9800 Mean: 0.9750 (+/- 0.0050)
TPR: 0.9600 Mean: 0.9500 (+/- 0.0100)
PPV: 1.0000 Mean: 1.0000 (+/- 0.0000)
F1:  0.9796 Mean: 0.9743 (+/- 0.0053)

Repetition: 3 of 5
Acc: 0.9225 Mean: 0.9575 (+/- 0.0251)
TPR: 0.8450 Mean: 0.9150 (+/- 0.0502)
PPV: 1.0000 Mean: 1.0000 (+/- 0.0000)
F1:  0.9160 Mean: 0.9549 (+/- 0.0278)

Repetition: 4 of 5
Acc: 0.9875 Mean: 0.9650 (+/- 0.0253)
TPR: 0.9850 Mean: 0.9325 (+/- 0.0530)
PPV: 0.9899 Mean: 0.9975 (+/- 0.0044)
F1:  0.9875 Mean: 0.9630 (+/- 0.0279)

Repetition: 5 of 5
Acc: 0.9875 Mean: 0.9695 (+/- 0.0244)
TPR: 0.9800 Mean: 0.9420 (+/- 0.0510)
PPV: 0.9949 Mean: 0.9970 (+/- 0.0040)
F1:  0.9874 Mean: 0.9679 (+/- 0.0268)

Elapsed Time: 19088.4115
