Machine: SNOOPY
Date: 26/10/2021 Time: 22:24:17
Alternative Dense Layer: True
Pooling Application Layer: avg
Data Augmentation: False
Model: VGG16
N Repeats: 5
Batch Size: 16

Repetition: 1 of 5
Acc: 0.9375 Mean: 0.9375 (+/- 0.0000)
TPR: 0.8750 Mean: 0.8750 (+/- 0.0000)
PPV: 1.0000 Mean: 1.0000 (+/- 0.0000)
F1:  0.9333 Mean: 0.9333 (+/- 0.0000)

Repetition: 2 of 5
Acc: 0.9600 Mean: 0.9487 (+/- 0.0112)
TPR: 0.9300 Mean: 0.9025 (+/- 0.0275)
PPV: 0.9894 Mean: 0.9947 (+/- 0.0053)
F1:  0.9588 Mean: 0.9460 (+/- 0.0127)

Repetition: 3 of 5
Acc: 0.9375 Mean: 0.9450 (+/- 0.0106)
TPR: 0.8750 Mean: 0.8933 (+/- 0.0259)
PPV: 1.0000 Mean: 0.9965 (+/- 0.0050)
F1:  0.9333 Mean: 0.9418 (+/- 0.0120)

Repetition: 4 of 5
Acc: 0.9650 Mean: 0.9500 (+/- 0.0126)
TPR: 0.9400 Mean: 0.9050 (+/- 0.0302)
PPV: 0.9895 Mean: 0.9947 (+/- 0.0053)
F1:  0.9641 Mean: 0.9474 (+/- 0.0142)

Repetition: 5 of 5
Acc: 0.9625 Mean: 0.9525 (+/- 0.0123)
TPR: 0.9250 Mean: 0.9090 (+/- 0.0282)
PPV: 1.0000 Mean: 0.9958 (+/- 0.0052)
F1:  0.9610 Mean: 0.9501 (+/- 0.0138)

Elapsed Time: 95469.4119
