Machine: PRECISION
Date: 25/10/2021 Time: 14:08:13
Alternative Dense Layer: True
Pooling Application Layer: None
Data Augmentation: False
Model: EfficientNetB2
N Repeats: 5
Batch Size: 16

Repetition: 1 of 5
Acc: 0.9850 Mean: 0.9850 (+/- 0.0000)
TPR: 0.9750 Mean: 0.9750 (+/- 0.0000)
PPV: 0.9949 Mean: 0.9949 (+/- 0.0000)
F1:  0.9848 Mean: 0.9848 (+/- 0.0000)

Repetition: 2 of 5
Acc: 0.9925 Mean: 0.9888 (+/- 0.0038)
TPR: 0.9850 Mean: 0.9800 (+/- 0.0050)
PPV: 1.0000 Mean: 0.9974 (+/- 0.0026)
F1:  0.9924 Mean: 0.9886 (+/- 0.0038)

Repetition: 3 of 5
Acc: 0.9825 Mean: 0.9867 (+/- 0.0042)
TPR: 0.9700 Mean: 0.9767 (+/- 0.0062)
PPV: 0.9949 Mean: 0.9966 (+/- 0.0024)
F1:  0.9823 Mean: 0.9865 (+/- 0.0043)

Repetition: 4 of 5
Acc: 0.9850 Mean: 0.9862 (+/- 0.0038)
TPR: 0.9700 Mean: 0.9750 (+/- 0.0061)
PPV: 1.0000 Mean: 0.9974 (+/- 0.0026)
F1:  0.9848 Mean: 0.9861 (+/- 0.0038)

Repetition: 5 of 5
Acc: 0.9800 Mean: 0.9850 (+/- 0.0042)
TPR: 0.9600 Mean: 0.9720 (+/- 0.0081)
PPV: 1.0000 Mean: 0.9980 (+/- 0.0025)
F1:  0.9796 Mean: 0.9848 (+/- 0.0043)

Elapsed Time: 39850.9254
