Machine: PRECISION
Date: 03/11/2021 Time: 08:23:32
Alternative Dense Layer: True
Pooling Application Layer: avg
Data Augmentation: False
Model: ResNet101V2
N Repeats: 5
Batch Size: 16
Multi Optimizer: True

Repetition: 1 of 5
Acc: 0.9575 Mean: 0.9575 (+/- 0.0000)
TPR: 0.9150 Mean: 0.9150 (+/- 0.0000)
PPV: 1.0000 Mean: 1.0000 (+/- 0.0000)
F1:  0.9556 Mean: 0.9556 (+/- 0.0000)

Repetition: 2 of 5
Acc: 0.9450 Mean: 0.9512 (+/- 0.0063)
TPR: 0.8900 Mean: 0.9025 (+/- 0.0125)
PPV: 1.0000 Mean: 1.0000 (+/- 0.0000)
F1:  0.9418 Mean: 0.9487 (+/- 0.0069)

Repetition: 3 of 5
Acc: 0.9000 Mean: 0.9342 (+/- 0.0247)
TPR: 0.8000 Mean: 0.8683 (+/- 0.0494)
PPV: 1.0000 Mean: 1.0000 (+/- 0.0000)
F1:  0.8889 Mean: 0.9288 (+/- 0.0288)

Repetition: 4 of 5
Acc: 0.9750 Mean: 0.9444 (+/- 0.0277)
TPR: 0.9600 Mean: 0.8913 (+/- 0.0583)
PPV: 0.9897 Mean: 0.9974 (+/- 0.0045)
F1:  0.9746 Mean: 0.9402 (+/- 0.0318)

Repetition: 5 of 5
Acc: 0.9875 Mean: 0.9530 (+/- 0.0302)
TPR: 0.9850 Mean: 0.9100 (+/- 0.0643)
PPV: 0.9899 Mean: 0.9959 (+/- 0.0050)
F1:  0.9875 Mean: 0.9497 (+/- 0.0342)

Elapsed Time: 24029.3528
