Machine: PRECISION
Date: 30/10/2021 Time: 09:21:06
Alternative Dense Layer: True
Pooling Application Layer: avg
Data Augmentation: False
Model: EfficientNetB1
N Repeats: 5
Batch Size: 16
Multi Optimizer: True

Repetition: 1 of 5
Acc: 0.9725 Mean: 0.9725 (+/- 0.0000)
TPR: 0.9500 Mean: 0.9500 (+/- 0.0000)
PPV: 0.9948 Mean: 0.9948 (+/- 0.0000)
F1:  0.9719 Mean: 0.9719 (+/- 0.0000)

Repetition: 2 of 5
Acc: 0.9875 Mean: 0.9800 (+/- 0.0075)
TPR: 0.9750 Mean: 0.9625 (+/- 0.0125)
PPV: 1.0000 Mean: 0.9974 (+/- 0.0026)
F1:  0.9873 Mean: 0.9796 (+/- 0.0077)

Repetition: 3 of 5
Acc: 0.9225 Mean: 0.9608 (+/- 0.0278)
TPR: 0.8550 Mean: 0.9267 (+/- 0.0517)
PPV: 0.9884 Mean: 0.9944 (+/- 0.0047)
F1:  0.9169 Mean: 0.9587 (+/- 0.0302)

Repetition: 4 of 5
Acc: 0.9450 Mean: 0.9569 (+/- 0.0250)
TPR: 0.9050 Mean: 0.9212 (+/- 0.0457)
PPV: 0.9837 Mean: 0.9917 (+/- 0.0062)
F1:  0.9427 Mean: 0.9547 (+/- 0.0271)

Repetition: 5 of 5
Acc: 0.9575 Mean: 0.9570 (+/- 0.0224)
TPR: 0.9350 Mean: 0.9240 (+/- 0.0413)
PPV: 0.9791 Mean: 0.9892 (+/- 0.0075)
F1:  0.9565 Mean: 0.9551 (+/- 0.0242)

Elapsed Time: 25785.2595
