Machine: PRECISION
Date: 30/10/2021 Time: 16:55:58
Alternative Dense Layer: True
Pooling Application Layer: avg
Data Augmentation: False
Model: MobileNetV2
N Repeats: 5
Batch Size: 16
Multi Optimizer: True

Repetition: 1 of 5
Acc: 0.9650 Mean: 0.9650 (+/- 0.0000)
TPR: 0.9350 Mean: 0.9350 (+/- 0.0000)
PPV: 0.9947 Mean: 0.9947 (+/- 0.0000)
F1:  0.9639 Mean: 0.9639 (+/- 0.0000)

Repetition: 2 of 5
Acc: 0.9275 Mean: 0.9463 (+/- 0.0187)
TPR: 0.8600 Mean: 0.8975 (+/- 0.0375)
PPV: 0.9942 Mean: 0.9945 (+/- 0.0002)
F1:  0.9223 Mean: 0.9431 (+/- 0.0208)

Repetition: 3 of 5
Acc: 0.9725 Mean: 0.9550 (+/- 0.0197)
TPR: 0.9550 Mean: 0.9167 (+/- 0.0409)
PPV: 0.9896 Mean: 0.9928 (+/- 0.0023)
F1:  0.9720 Mean: 0.9527 (+/- 0.0218)

Repetition: 4 of 5
Acc: 0.9375 Mean: 0.9506 (+/- 0.0187)
TPR: 0.8800 Mean: 0.9075 (+/- 0.0388)
PPV: 0.9944 Mean: 0.9932 (+/- 0.0021)
F1:  0.9337 Mean: 0.9480 (+/- 0.0206)

Repetition: 5 of 5
Acc: 0.9400 Mean: 0.9485 (+/- 0.0172)
TPR: 0.8850 Mean: 0.9030 (+/- 0.0359)
PPV: 0.9944 Mean: 0.9935 (+/- 0.0019)
F1:  0.9365 Mean: 0.9457 (+/- 0.0190)

Elapsed Time: 40944.2086
