Machine: SNOOPY
Date: 28/10/2021 Time: 10:18:42
Alternative Dense Layer: True
Pooling Application Layer: avg
Data Augmentation: False
Model: NASNetMobile
N Repeats: 5
Batch Size: 16

Repetition: 1 of 5
Acc: 0.8675 Mean: 0.8675 (+/- 0.0000)
TPR: 0.7350 Mean: 0.7350 (+/- 0.0000)
PPV: 1.0000 Mean: 1.0000 (+/- 0.0000)
F1:  0.8473 Mean: 0.8473 (+/- 0.0000)

Repetition: 2 of 5
Acc: 0.9275 Mean: 0.8975 (+/- 0.0300)
TPR: 0.8600 Mean: 0.7975 (+/- 0.0625)
PPV: 0.9942 Mean: 0.9971 (+/- 0.0029)
F1:  0.9223 Mean: 0.8848 (+/- 0.0375)

Repetition: 3 of 5
Acc: 0.7900 Mean: 0.8617 (+/- 0.0563)
TPR: 0.5850 Mean: 0.7267 (+/- 0.1124)
PPV: 0.9915 Mean: 0.9952 (+/- 0.0035)
F1:  0.7358 Mean: 0.8351 (+/- 0.0766)

Repetition: 4 of 5
Acc: 0.9150 Mean: 0.8750 (+/- 0.0539)
TPR: 0.8350 Mean: 0.7537 (+/- 0.1081)
PPV: 0.9940 Mean: 0.9949 (+/- 0.0031)
F1:  0.9076 Mean: 0.8532 (+/- 0.0734)

Repetition: 5 of 5
Acc: 0.7650 Mean: 0.8530 (+/- 0.0653)
TPR: 0.5300 Mean: 0.7090 (+/- 0.1317)
PPV: 1.0000 Mean: 0.9960 (+/- 0.0034)
F1:  0.6928 Mean: 0.8212 (+/- 0.0918)

Elapsed Time: 61188.0659
