Machine: DONALD
Date: 26/10/2021 Time: 22:22:30
Alternative Dense Layer: True
Pooling Application Layer: avg
Data Augmentation: False
Model: EfficientNetB2
N Repeats: 5
Batch Size: 16

Repetition: 1 of 5
Acc: 0.9725 Mean: 0.9725 (+/- 0.0000)
TPR: 0.9500 Mean: 0.9500 (+/- 0.0000)
PPV: 0.9948 Mean: 0.9948 (+/- 0.0000)
F1:  0.9719 Mean: 0.9719 (+/- 0.0000)

Repetition: 2 of 5
Acc: 0.9725 Mean: 0.9725 (+/- 0.0000)
TPR: 0.9450 Mean: 0.9475 (+/- 0.0025)
PPV: 1.0000 Mean: 0.9974 (+/- 0.0026)
F1:  0.9717 Mean: 0.9718 (+/- 0.0001)

Repetition: 3 of 5
Acc: 0.9775 Mean: 0.9742 (+/- 0.0024)
TPR: 0.9650 Mean: 0.9533 (+/- 0.0085)
PPV: 0.9897 Mean: 0.9948 (+/- 0.0042)
F1:  0.9772 Mean: 0.9736 (+/- 0.0026)

Repetition: 4 of 5
Acc: 0.9725 Mean: 0.9738 (+/- 0.0022)
TPR: 0.9550 Mean: 0.9537 (+/- 0.0074)
PPV: 0.9896 Mean: 0.9935 (+/- 0.0043)
F1:  0.9720 Mean: 0.9732 (+/- 0.0023)

Repetition: 5 of 5
Acc: 0.9850 Mean: 0.9760 (+/- 0.0049)
TPR: 0.9850 Mean: 0.9600 (+/- 0.0141)
PPV: 0.9850 Mean: 0.9918 (+/- 0.0051)
F1:  0.9850 Mean: 0.9756 (+/- 0.0052)

Elapsed Time: 27939.5601
