Repetition: 2 of 5
Acc: 0.9900 Mean: 0.9850 (+/- 0.0050)
TPR: 0.9800 Mean: 0.9750 (+/- 0.0050)
PPV: 1.0000 Mean: 0.9949 (+/- 0.0051)
F1:  0.9899 Mean: 0.9848 (+/- 0.0051)

Repetition: 3 of 5
Acc: 0.9725 Mean: 0.9808 (+/- 0.0072)
TPR: 0.9450 Mean: 0.9650 (+/- 0.0147)
PPV: 1.0000 Mean: 0.9966 (+/- 0.0048)
F1:  0.9717 Mean: 0.9805 (+/- 0.0074)

Repetition: 4 of 5
Acc: 0.9825 Mean: 0.9812 (+/- 0.0062)
TPR: 0.9850 Mean: 0.9700 (+/- 0.0154)
PPV: 0.9801 Mean: 0.9925 (+/- 0.0083)
F1:  0.9825 Mean: 0.9810 (+/- 0.0065)

Repetition: 5 of 5
Acc: 0.9825 Mean: 0.9815 (+/- 0.0056)
TPR: 0.9700 Mean: 0.9700 (+/- 0.0138)
PPV: 0.9949 Mean: 0.9930 (+/- 0.0075)
F1:  0.9823 Mean: 0.9812 (+/- 0.0058)

Elapsed Time: 18937.5233
