Machine: PRECISION
Date: 01/11/2021 Time: 09:21:59
Alternative Dense Layer: True
Pooling Application Layer: avg
Data Augmentation: False
Model: VGG19
N Repeats: 5
Batch Size: 16
Multi Optimizer: True

Repetition: 1 of 5
Acc: 0.9775 Mean: 0.9775 (+/- 0.0000)
TPR: 0.9550 Mean: 0.9550 (+/- 0.0000)
PPV: 1.0000 Mean: 1.0000 (+/- 0.0000)
F1:  0.9770 Mean: 0.9770 (+/- 0.0000)

Repetition: 2 of 5
Acc: 0.9325 Mean: 0.9550 (+/- 0.0225)
TPR: 0.8650 Mean: 0.9100 (+/- 0.0450)
PPV: 1.0000 Mean: 1.0000 (+/- 0.0000)
F1:  0.9276 Mean: 0.9523 (+/- 0.0247)

Repetition: 3 of 5
Acc: 0.9625 Mean: 0.9575 (+/- 0.0187)
TPR: 0.9250 Mean: 0.9150 (+/- 0.0374)
PPV: 1.0000 Mean: 1.0000 (+/- 0.0000)
F1:  0.9610 Mean: 0.9552 (+/- 0.0206)

Repetition: 4 of 5
Acc: 0.9800 Mean: 0.9631 (+/- 0.0189)
TPR: 0.9600 Mean: 0.9263 (+/- 0.0378)
PPV: 1.0000 Mean: 1.0000 (+/- 0.0000)
F1:  0.9796 Mean: 0.9613 (+/- 0.0207)

Repetition: 5 of 5
Acc: 0.9375 Mean: 0.9580 (+/- 0.0198)
TPR: 0.8800 Mean: 0.9170 (+/- 0.0385)
PPV: 0.9944 Mean: 0.9989 (+/- 0.0023)
F1:  0.9337 Mean: 0.9558 (+/- 0.0216)

Elapsed Time: 32953.4858
